0 info it worked if it ends with ok
1 verbose cli [ '/usr/bin/node', '/usr/bin/npm', 'publish' ]
2 info using npm@1.4.28
3 info using node@v0.10.33
4 verbose node symlink /usr/bin/node
5 verbose publish [ '.' ]
6 verbose cache add [ '.', null ]
7 verbose cache add name=undefined spec="." args=[".",null]
8 verbose parsed url { protocol: null,
8 verbose parsed url   slashes: null,
8 verbose parsed url   auth: null,
8 verbose parsed url   host: null,
8 verbose parsed url   port: null,
8 verbose parsed url   hostname: null,
8 verbose parsed url   hash: null,
8 verbose parsed url   search: null,
8 verbose parsed url   query: null,
8 verbose parsed url   pathname: '.',
8 verbose parsed url   path: '.',
8 verbose parsed url   href: '.' }
9 silly lockFile 3a52ce78- .
10 verbose lock . /home/igncp/.npm/3a52ce78-.lock
11 verbose tar pack [ '/home/igncp/.npm/encina/0.0.16/package.tgz', '.' ]
12 verbose tarball /home/igncp/.npm/encina/0.0.16/package.tgz
13 verbose folder .
14 info prepublish encina@0.0.16
15 silly lockFile 1f1177db-tar tar://.
16 verbose lock tar://. /home/igncp/.npm/1f1177db-tar.lock
17 silly lockFile 5d872ee9-cp-npm-encina-0-0-16-package-tgz tar:///home/igncp/.npm/encina/0.0.16/package.tgz
18 verbose lock tar:///home/igncp/.npm/encina/0.0.16/package.tgz /home/igncp/.npm/5d872ee9-cp-npm-encina-0-0-16-package-tgz.lock
19 silly lockFile 1f1177db-tar tar://.
20 silly lockFile 1f1177db-tar tar://.
21 silly lockFile 5d872ee9-cp-npm-encina-0-0-16-package-tgz tar:///home/igncp/.npm/encina/0.0.16/package.tgz
22 silly lockFile 5d872ee9-cp-npm-encina-0-0-16-package-tgz tar:///home/igncp/.npm/encina/0.0.16/package.tgz
23 silly lockFile ce0d89b4--igncp-npm-encina-0-0-16-package /home/igncp/.npm/encina/0.0.16/package
24 verbose lock /home/igncp/.npm/encina/0.0.16/package /home/igncp/.npm/ce0d89b4--igncp-npm-encina-0-0-16-package.lock
25 silly lockFile ce0d89b4--igncp-npm-encina-0-0-16-package /home/igncp/.npm/encina/0.0.16/package
26 silly lockFile ce0d89b4--igncp-npm-encina-0-0-16-package /home/igncp/.npm/encina/0.0.16/package
27 silly lockFile 3a52ce78- .
28 silly lockFile 3a52ce78- .
29 silly publish { name: 'encina',
29 silly publish   version: '0.0.16',
29 silly publish   description: 'Projects analyzer',
29 silly publish   author: { name: 'Ignacio Carbajo' },
29 silly publish   license: 'MIT',
29 silly publish   repository: { type: 'git', url: 'https://github.com/igncp/encina' },
29 silly publish   bin: { encina: 'bin/encina.js' },
29 silly publish   email: 'icarbajop@gmail.com',
29 silly publish   homepage: 'http://igncp.github.io/encina/',
29 silly publish   dependencies:
29 silly publish    { 'coffee-script': '^1.8.0',
29 silly publish      commander: '^2.5.0',
29 silly publish      express: '^4.10.4',
29 silly publish      grunt: '^0.4.5',
29 silly publish      'grunt-contrib-coffee': '^0.12.0',
29 silly publish      'grunt-contrib-copy': '^0.7.0',
29 silly publish      'grunt-contrib-stylus': '^0.20.0',
29 silly publish      'grunt-contrib-watch': '^0.6.1' },
29 silly publish   scripts: { postinstall: 'pip install -r src/vendor/python-requirements-prod.txt' },
29 silly publish   preferglobal: true,
29 silly publish   devDependencies:
29 silly publish    { chai: '^1.10.0',
29 silly publish      karma: '^0.12.31',
29 silly publish      'karma-chai': '^0.1.0',
29 silly publish      'karma-cli': '0.0.4',
29 silly publish      'karma-coffee-preprocessor': '^0.2.1',
29 silly publish      'karma-mocha': '^0.1.10',
29 silly publish      'karma-phantomjs-launcher': '^0.1.4',
29 silly publish      mocha: '^2.1.0',
29 silly publish      supervisor: '^0.6.0' },
29 silly publish   readme: '# [Encina](http://igncp.github.io/encina/)\n\n[![npm version](https://badge.fury.io/js/encina.svg)](http://badge.fury.io/js/encina) [![Build Status](https://travis-ci.org/igncp/encina.svg?branch=master)](https://travis-ci.org/igncp/encina)\n\nA command line tool for analyzing projects and retrieving statistics. Once completed, you can inspect the result using an interactive interface, with charts (D3) and formatted data. Encina stands for ***holm oak*** in Spanish.\n\n[![Encina Logo](/misc/encina.jpg)](https://github.com/igncp/encina)\n\n"¿Qué tienes tú, negra encina campesina con tus ramas sin color en el campo sin verdor; con tu tronco ceniciento sin esbeltez ni altiveza, con tu vigor sin tormento, y tu humildad que es firmeza?"\n\n-- <cite>Antonio Machado</cite>\n\n## Requirements\n\n- Debian environment\n- Node.js\n- Python and pip\n\n## Usage\n\nYou can use `encina` from the command line once the module is installed. If you want to use it anywhere, install it as a global module `npm install -g encina`.\n\n- To retrieve data from a project: `encina examine PATH/TO/PROJECT` \n- To display the result: `encina server` in the directory that contains the `encina-reports` result. In a browser, go to: `http://localhost:9993` or add the `-b` flag to the command.\n\nPlease go to the [homesite](http://igncp.github.io/encina/) for further information.\n\n## Examples\n\nThe `examine` command is relatively fast, for example with the entire Rails project:\n\n![encina examine](/misc/examine.gif)\n\nA demo of a report of the last published version can be found [here](http://encina-reports.herokuapp.com/) (You may have to wait ~10 seconds till the heroku server is woken up).\n\n\n## Technologies covered\n\n- Backend: Python (with libraries such as pandas) for the data analysis, Node.js, CoffeeScript, Stylus (nib), Grunt, Express\n- Frontend: Angular.js, Angular UI Router, D3.js, Bootstrap, Require.js, Lodash.js, jQuery (UI), Moment.js\n\n## Development\n\nDownload the repository and use the Makefile. For example, `make server` and `make grunt` for the output development. To install dev dependencies use: `make`\n\n## Author and License\n\nIgnacio Carbajo · 2014 - 2015\n\nMIT\n',
29 silly publish   readmeFilename: 'Readme.md',
29 silly publish   gitHead: '4ed25512a9b98fd6dd8000af18ce143b9baa21f8',
29 silly publish   bugs: { url: 'https://github.com/igncp/encina/issues' },
29 silly publish   _id: 'encina@0.0.16',
29 silly publish   _shasum: '40743a2a5ad28fa66f6943ae29204edfbfc2137b',
29 silly publish   _from: '.' }
30 verbose request where is /encina
31 verbose request registry https://registry.npmjs.org/
32 verbose request id 1f87b04530b60f84
33 verbose url raw /encina
34 verbose url resolving [ 'https://registry.npmjs.org/', './encina' ]
35 verbose url resolved https://registry.npmjs.org/encina
36 verbose request where is https://registry.npmjs.org/encina
37 info trying registry request attempt 1 at 20:01:43
38 http PUT https://registry.npmjs.org/encina
39 http 403 https://registry.npmjs.org/encina
40 verbose headers { date: 'Mon, 02 Feb 2015 19:01:45 GMT',
40 verbose headers   server: 'CouchDB/1.5.0 (Erlang OTP/R16B03)',
40 verbose headers   'content-type': 'application/json',
40 verbose headers   'cache-control': 'max-age=60',
40 verbose headers   'content-length': '5616',
40 verbose headers   'accept-ranges': 'bytes',
40 verbose headers   via: '1.1 varnish',
40 verbose headers   'x-served-by': 'cache-ams4129-AMS',
40 verbose headers   'x-cache': 'MISS',
40 verbose headers   'x-cache-hits': '0',
40 verbose headers   'x-timer': 'S1422903703.641204,VS0,VE1434',
40 verbose headers   'keep-alive': 'timeout=10, max=50',
40 verbose headers   connection: 'Keep-Alive' }
41 error publish Failed PUT 403
42 error Error: forbidden cannot modify pre-existing version: 0.0.16
42 error old={"name":"encina","version":"0.0.16","description":"Projects analyzer","author":{"name":"Ignacio Carbajo"},"license":"MIT","repository":{"type":"git","url":"https://github.com/igncp/encina"},"bin":{"encina":"bin/encina.js"},"email":"icarbajop@gmail.com","homepage":"http://igncp.github.io/encina/","dependencies":{"coffee-script":"^1.8.0","commander":"^2.5.0","express":"^4.10.4","grunt":"^0.4.5","grunt-contrib-coffee":"^0.12.0","grunt-contrib-copy":"^0.7.0","grunt-contrib-stylus":"^0.20.0","grunt-contrib-watch":"^0.6.1"},"scripts":{"postinstall":"pip install -r src/vendor/python-requirements-prod.txt"},"preferglobal":true,"devDependencies":{"chai":"^1.10.0","karma":"^0.12.31","karma-chai":"^0.1.0","karma-cli":"0.0.4","karma-coffee-preprocessor":"^0.2.1","karma-mocha":"^0.1.10","karma-phantomjs-launcher":"^0.1.4","mocha":"^2.1.0","supervisor":"^0.6.0"},"gitHead":"08cceb79c0b53a5b491c5fbbcd005df8acd14c02","bugs":{"url":"https://github.com/igncp/encina/issues"},"_id":"encina@0.0.16","_shasum":"7c06afa54ce42e892f46fd9990560ebeedca5e1c","_from":".","_npmVersion":"1.4.28","_npmUser":{"name":"igncp","email":"icarbajop@gmail.com"},"maintainers":[{"name":"igncp","email":"icarbajop@gmail.com"}],"dist":{"shasum":"7c06afa54ce42e892f46fd9990560ebeedca5e1c","tarball":"http://registry.npmjs.org/encina/-/encina-0.0.16.tgz"}}
42 error new={"name":"encina","version":"0.0.16","description":"Projects analyzer","author":{"name":"Ignacio Carbajo"},"license":"MIT","repository":{"type":"git","url":"https://github.com/igncp/encina"},"bin":{"encina":"bin/encina.js"},"email":"icarbajop@gmail.com","homepage":"http://igncp.github.io/encina/","dependencies":{"coffee-script":"^1.8.0","commander":"^2.5.0","express":"^4.10.4","grunt":"^0.4.5","grunt-contrib-coffee":"^0.12.0","grunt-contrib-copy":"^0.7.0","grunt-contrib-stylus":"^0.20.0","grunt-contrib-watch":"^0.6.1"},"scripts":{"postinstall":"pip install -r src/vendor/python-requirements-prod.txt"},"preferglobal":true,"devDependencies":{"chai":"^1.10.0","karma":"^0.12.31","karma-chai":"^0.1.0","karma-cli":"0.0.4","karma-coffee-preprocessor":"^0.2.1","karma-mocha":"^0.1.10","karma-phantomjs-launcher":"^0.1.4","mocha":"^2.1.0","supervisor":"^0.6.0"},"readme":"# [Encina](http://igncp.github.io/encina/)\u000a\u000a[![npm version](https://badge.fury.io/js/encina.svg)](http://badge.fury.io/js/encina) [![Build Status](https://travis-ci.org/igncp/encina.svg?branch=master)](https://travis-ci.org/igncp/encina)\u000a\u000aA command line tool for analyzing projects and retrieving statistics. Once completed, you can inspect the result using an interactive interface, with charts (D3) and formatted data. Encina stands for ***holm oak*** in Spanish.\u000a\u000a[![Encina Logo](/misc/encina.jpg)](https://github.com/igncp/encina)\u000a\u000a\"¿Qué tienes tú, negra encina campesina con tus ramas sin color en el campo sin verdor; con tu tronco ceniciento sin esbeltez ni altiveza, con tu vigor sin tormento, y tu humildad que es firmeza?\"\u000a\u000a-- <cite>Antonio Machado</cite>\u000a\u000a## Requirements\u000a\u000a- Debian environment\u000a- Node.js\u000a- Python and pip\u000a\u000a## Usage\u000a\u000aYou can use `encina` from the command line once the module is installed. If you want to use it anywhere, install it as a global module `npm install -g encina`.\u000a\u000a- To retrieve data from a project: `encina examine PATH/TO/PROJECT` \u000a- To display the result: `encina server` in the directory that contains the `encina-reports` result. In a browser, go to: `http://localhost:9993` or add the `-b` flag to the command.\u000a\u000aPlease go to the [homesite](http://igncp.github.io/encina/) for further information.\u000a\u000a## Examples\u000a\u000aThe `examine` command is relatively fast, for example with the entire Rails project:\u000a\u000a![encina examine](/misc/examine.gif)\u000a\u000aA demo of a report of the last published version can be found [here](http://encina-reports.herokuapp.com/) (You may have to wait ~10 seconds till the heroku server is woken up).\u000a\u000a\u000a## Technologies covered\u000a\u000a- Backend: Python (with libraries such as pandas) for the data analysis, Node.js, CoffeeScript, Stylus (nib), Grunt, Express\u000a- Frontend: Angular.js, Angular UI Router, D3.js, Bootstrap, Require.js, Lodash.js, jQuery (UI), Moment.js\u000a\u000a## Development\u000a\u000aDownload the repository and use the Makefile. For example, `make server` and `make grunt` for the output development. To install dev dependencies use: `make`\u000a\u000a## Author and License\u000a\u000aIgnacio Carbajo · 2014 - 2015\u000a\u000aMIT\u000a","readmeFilename":"Readme.md","gitHead":"4ed25512a9b98fd6dd8000af18ce143b9baa21f8","bugs":{"url":"https://github.com/igncp/encina/issues"},"_id":"encina@0.0.16","_shasum":"40743a2a5ad28fa66f6943ae29204edfbfc2137b","_from":".","_npmVersion":"1.4.28","_npmUser":{"name":"igncp","email":"icarbajop@gmail.com"},"maintainers":[{"name":"igncp","email":"icarbajop@gmail.com"}],"dist":{"shasum":"40743a2a5ad28fa66f6943ae29204edfbfc2137b","tarball":"http://registry.npmjs.org/encina/-/encina-0.0.16.tgz"}}: encina
42 error     at RegClient.<anonymous> (/usr/lib/node_modules/npm/node_modules/npm-registry-client/lib/request.js:308:14)
42 error     at Request._callback (/usr/lib/node_modules/npm/node_modules/npm-registry-client/lib/request.js:246:65)
42 error     at Request.self.callback (/usr/lib/node_modules/npm/node_modules/request/request.js:236:22)
42 error     at Request.emit (events.js:98:17)
42 error     at Request.<anonymous> (/usr/lib/node_modules/npm/node_modules/request/request.js:1142:14)
42 error     at Request.emit (events.js:117:20)
42 error     at IncomingMessage.<anonymous> (/usr/lib/node_modules/npm/node_modules/request/request.js:1096:12)
42 error     at IncomingMessage.emit (events.js:117:20)
42 error     at _stream_readable.js:943:16
42 error     at process._tickCallback (node.js:419:13)
43 error If you need help, you may report this *entire* log,
43 error including the npm and node versions, at:
43 error     <http://github.com/npm/npm/issues>
44 error System Linux 3.13.0-24-generic
45 error command "/usr/bin/node" "/usr/bin/npm" "publish"
46 error cwd /home/igncp/development/github/own/encina
47 error node -v v0.10.33
48 error npm -v 1.4.28
49 verbose exit [ 1, true ]
